<?xml version="1.0" encoding="UTF-8"?>
<testsuite xmlns:xsi="http://www.w3.org/2001/XMLSchema-instance" xsi:noNamespaceSchemaLocation="https://maven.apache.org/surefire/maven-surefire-plugin/xsd/surefire-test-report-3.0.xsd" version="3.0" name="TestSuite" time="5.101" tests="2" errors="0" skipped="1" failures="1">
  <properties>
    <property name="java.specification.version" value="17"/>
    <property name="sun.jnu.encoding" value="UTF-8"/>
    <property name="java.class.path" value="/Users/maher/Desktop/SocleAutomation/App_functional_test/target/test-classes:/Users/maher/Desktop/SocleAutomation/App_functional_test/target/classes:/Users/maher/.m2/repository/io/appium/java-client/7.6.0/java-client-7.6.0.jar:/Users/maher/.m2/repository/org/seleniumhq/selenium/selenium-java/3.141.59/selenium-java-3.141.59.jar:/Users/maher/.m2/repository/org/seleniumhq/selenium/selenium-chrome-driver/3.141.59/selenium-chrome-driver-3.141.59.jar:/Users/maher/.m2/repository/org/seleniumhq/selenium/selenium-edge-driver/3.141.59/selenium-edge-driver-3.141.59.jar:/Users/maher/.m2/repository/org/seleniumhq/selenium/selenium-firefox-driver/3.141.59/selenium-firefox-driver-3.141.59.jar:/Users/maher/.m2/repository/org/seleniumhq/selenium/selenium-ie-driver/3.141.59/selenium-ie-driver-3.141.59.jar:/Users/maher/.m2/repository/org/seleniumhq/selenium/selenium-opera-driver/3.141.59/selenium-opera-driver-3.141.59.jar:/Users/maher/.m2/repository/org/seleniumhq/selenium/selenium-remote-driver/3.141.59/selenium-remote-driver-3.141.59.jar:/Users/maher/.m2/repository/org/seleniumhq/selenium/selenium-safari-driver/3.141.59/selenium-safari-driver-3.141.59.jar:/Users/maher/.m2/repository/net/bytebuddy/byte-buddy/1.8.15/byte-buddy-1.8.15.jar:/Users/maher/.m2/repository/org/apache/commons/commons-exec/1.3/commons-exec-1.3.jar:/Users/maher/.m2/repository/com/google/guava/guava/25.0-jre/guava-25.0-jre.jar:/Users/maher/.m2/repository/com/google/code/findbugs/jsr305/1.3.9/jsr305-1.3.9.jar:/Users/maher/.m2/repository/org/checkerframework/checker-compat-qual/2.0.0/checker-compat-qual-2.0.0.jar:/Users/maher/.m2/repository/com/google/errorprone/error_prone_annotations/2.1.3/error_prone_annotations-2.1.3.jar:/Users/maher/.m2/repository/com/google/j2objc/j2objc-annotations/1.1/j2objc-annotations-1.1.jar:/Users/maher/.m2/repository/org/codehaus/mojo/animal-sniffer-annotations/1.14/animal-sniffer-annotations-1.14.jar:/Users/maher/.m2/repository/com/squareup/okhttp3/okhttp/3.11.0/okhttp-3.11.0.jar:/Users/maher/.m2/repository/com/squareup/okio/okio/1.14.0/okio-1.14.0.jar:/Users/maher/.m2/repository/org/seleniumhq/selenium/selenium-support/3.141.59/selenium-support-3.141.59.jar:/Users/maher/.m2/repository/org/seleniumhq/selenium/selenium-api/3.141.59/selenium-api-3.141.59.jar:/Users/maher/.m2/repository/com/google/code/gson/gson/2.8.8/gson-2.8.8.jar:/Users/maher/.m2/repository/org/apache/httpcomponents/httpclient/4.5.13/httpclient-4.5.13.jar:/Users/maher/.m2/repository/org/apache/httpcomponents/httpcore/4.4.13/httpcore-4.4.13.jar:/Users/maher/.m2/repository/commons-logging/commons-logging/1.2/commons-logging-1.2.jar:/Users/maher/.m2/repository/cglib/cglib/3.3.0/cglib-3.3.0.jar:/Users/maher/.m2/repository/org/ow2/asm/asm/7.1/asm-7.1.jar:/Users/maher/.m2/repository/commons-validator/commons-validator/1.7/commons-validator-1.7.jar:/Users/maher/.m2/repository/commons-beanutils/commons-beanutils/1.9.4/commons-beanutils-1.9.4.jar:/Users/maher/.m2/repository/commons-digester/commons-digester/2.1/commons-digester-2.1.jar:/Users/maher/.m2/repository/commons-collections/commons-collections/3.2.2/commons-collections-3.2.2.jar:/Users/maher/.m2/repository/org/apache/commons/commons-lang3/3.12.0/commons-lang3-3.12.0.jar:/Users/maher/.m2/repository/org/springframework/spring-context/5.3.10/spring-context-5.3.10.jar:/Users/maher/.m2/repository/org/springframework/spring-aop/5.3.10/spring-aop-5.3.10.jar:/Users/maher/.m2/repository/org/springframework/spring-beans/5.3.10/spring-beans-5.3.10.jar:/Users/maher/.m2/repository/org/springframework/spring-core/5.3.10/spring-core-5.3.10.jar:/Users/maher/.m2/repository/org/springframework/spring-jcl/5.3.10/spring-jcl-5.3.10.jar:/Users/maher/.m2/repository/org/springframework/spring-expression/5.3.10/spring-expression-5.3.10.jar:/Users/maher/.m2/repository/org/aspectj/aspectjweaver/1.9.7/aspectjweaver-1.9.7.jar:/Users/maher/.m2/repository/org/testng/testng/7.4.0/testng-7.4.0.jar:/Users/maher/.m2/repository/com/beust/jcommander/1.78/jcommander-1.78.jar:/Users/maher/.m2/repository/org/webjars/jquery/3.5.1/jquery-3.5.1.jar:/Users/maher/.m2/repository/org/json/json/20210307/json-20210307.jar:/Users/maher/.m2/repository/org/apache/logging/log4j/log4j-core/2.14.1/log4j-core-2.14.1.jar:/Users/maher/.m2/repository/org/apache/logging/log4j/log4j-api/2.14.1/log4j-api-2.14.1.jar:/Users/maher/.m2/repository/com/aventstack/extentreports/5.0.9/extentreports-5.0.9.jar:/Users/maher/.m2/repository/io/reactivex/rxjava3/rxjava/3.0.4/rxjava-3.0.4.jar:/Users/maher/.m2/repository/org/reactivestreams/reactive-streams/1.0.3/reactive-streams-1.0.3.jar:/Users/maher/.m2/repository/org/freemarker/freemarker/2.3.30/freemarker-2.3.30.jar:/Users/maher/.m2/repository/commons-codec/commons-codec/1.15/commons-codec-1.15.jar:/Users/maher/.m2/repository/io/cucumber/cucumber-java/7.1.0/cucumber-java-7.1.0.jar:/Users/maher/.m2/repository/io/cucumber/cucumber-core/7.1.0/cucumber-core-7.1.0.jar:/Users/maher/.m2/repository/io/cucumber/cucumber-gherkin/7.1.0/cucumber-gherkin-7.1.0.jar:/Users/maher/.m2/repository/io/cucumber/cucumber-gherkin-messages/7.1.0/cucumber-gherkin-messages-7.1.0.jar:/Users/maher/.m2/repository/io/cucumber/messages/17.1.1/messages-17.1.1.jar:/Users/maher/.m2/repository/io/cucumber/tag-expressions/4.1.0/tag-expressions-4.1.0.jar:/Users/maher/.m2/repository/io/cucumber/cucumber-expressions/13.0.1/cucumber-expressions-13.0.1.jar:/Users/maher/.m2/repository/io/cucumber/datatable/7.1.0/datatable-7.1.0.jar:/Users/maher/.m2/repository/io/cucumber/cucumber-plugin/7.1.0/cucumber-plugin-7.1.0.jar:/Users/maher/.m2/repository/io/cucumber/docstring/7.1.0/docstring-7.1.0.jar:/Users/maher/.m2/repository/io/cucumber/html-formatter/17.0.0/html-formatter-17.0.0.jar:/Users/maher/.m2/repository/io/cucumber/create-meta/6.0.4/create-meta-6.0.4.jar:/Users/maher/.m2/repository/org/apiguardian/apiguardian-api/1.1.2/apiguardian-api-1.1.2.jar:/Users/maher/.m2/repository/org/projectlombok/lombok/1.18.22/lombok-1.18.22.jar:/Users/maher/.m2/repository/io/cucumber/cucumber-testng/7.1.0/cucumber-testng-7.1.0.jar:/Users/maher/.m2/repository/commons-io/commons-io/2.11.0/commons-io-2.11.0.jar:/Users/maher/.m2/repository/org/slf4j/slf4j-api/1.7.5/slf4j-api-1.7.5.jar:/Users/maher/.m2/repository/org/slf4j/slf4j-log4j12/1.7.5/slf4j-log4j12-1.7.5.jar:/Users/maher/.m2/repository/log4j/log4j/1.2.17/log4j-1.2.17.jar:"/>
    <property name="java.vm.vendor" value="Oracle Corporation"/>
    <property name="sun.arch.data.model" value="64"/>
    <property name="java.vendor.url" value="https://java.oracle.com/"/>
    <property name="user.timezone" value="Europe/Paris"/>
    <property name="os.name" value="Mac OS X"/>
    <property name="java.vm.specification.version" value="17"/>
    <property name="sun.java.launcher" value="SUN_STANDARD"/>
    <property name="user.country" value="FR"/>
    <property name="sun.boot.library.path" value="/Library/Java/JavaVirtualMachines/jdk-17.0.1.jdk/Contents/Home/lib"/>
    <property name="sun.java.command" value="/Users/maher/Desktop/SocleAutomation/App_functional_test/target/surefire/surefirebooter2565660223041071958.jar /Users/maher/Desktop/SocleAutomation/App_functional_test/target/surefire 2022-06-20T15-14-26_544-jvmRun1 surefire14530349297934903347tmp surefire_018025845004381595221tmp"/>
    <property name="jdk.debug" value="release"/>
    <property name="surefire.test.class.path" value="/Users/maher/Desktop/SocleAutomation/App_functional_test/target/test-classes:/Users/maher/Desktop/SocleAutomation/App_functional_test/target/classes:/Users/maher/.m2/repository/io/appium/java-client/7.6.0/java-client-7.6.0.jar:/Users/maher/.m2/repository/org/seleniumhq/selenium/selenium-java/3.141.59/selenium-java-3.141.59.jar:/Users/maher/.m2/repository/org/seleniumhq/selenium/selenium-chrome-driver/3.141.59/selenium-chrome-driver-3.141.59.jar:/Users/maher/.m2/repository/org/seleniumhq/selenium/selenium-edge-driver/3.141.59/selenium-edge-driver-3.141.59.jar:/Users/maher/.m2/repository/org/seleniumhq/selenium/selenium-firefox-driver/3.141.59/selenium-firefox-driver-3.141.59.jar:/Users/maher/.m2/repository/org/seleniumhq/selenium/selenium-ie-driver/3.141.59/selenium-ie-driver-3.141.59.jar:/Users/maher/.m2/repository/org/seleniumhq/selenium/selenium-opera-driver/3.141.59/selenium-opera-driver-3.141.59.jar:/Users/maher/.m2/repository/org/seleniumhq/selenium/selenium-remote-driver/3.141.59/selenium-remote-driver-3.141.59.jar:/Users/maher/.m2/repository/org/seleniumhq/selenium/selenium-safari-driver/3.141.59/selenium-safari-driver-3.141.59.jar:/Users/maher/.m2/repository/net/bytebuddy/byte-buddy/1.8.15/byte-buddy-1.8.15.jar:/Users/maher/.m2/repository/org/apache/commons/commons-exec/1.3/commons-exec-1.3.jar:/Users/maher/.m2/repository/com/google/guava/guava/25.0-jre/guava-25.0-jre.jar:/Users/maher/.m2/repository/com/google/code/findbugs/jsr305/1.3.9/jsr305-1.3.9.jar:/Users/maher/.m2/repository/org/checkerframework/checker-compat-qual/2.0.0/checker-compat-qual-2.0.0.jar:/Users/maher/.m2/repository/com/google/errorprone/error_prone_annotations/2.1.3/error_prone_annotations-2.1.3.jar:/Users/maher/.m2/repository/com/google/j2objc/j2objc-annotations/1.1/j2objc-annotations-1.1.jar:/Users/maher/.m2/repository/org/codehaus/mojo/animal-sniffer-annotations/1.14/animal-sniffer-annotations-1.14.jar:/Users/maher/.m2/repository/com/squareup/okhttp3/okhttp/3.11.0/okhttp-3.11.0.jar:/Users/maher/.m2/repository/com/squareup/okio/okio/1.14.0/okio-1.14.0.jar:/Users/maher/.m2/repository/org/seleniumhq/selenium/selenium-support/3.141.59/selenium-support-3.141.59.jar:/Users/maher/.m2/repository/org/seleniumhq/selenium/selenium-api/3.141.59/selenium-api-3.141.59.jar:/Users/maher/.m2/repository/com/google/code/gson/gson/2.8.8/gson-2.8.8.jar:/Users/maher/.m2/repository/org/apache/httpcomponents/httpclient/4.5.13/httpclient-4.5.13.jar:/Users/maher/.m2/repository/org/apache/httpcomponents/httpcore/4.4.13/httpcore-4.4.13.jar:/Users/maher/.m2/repository/commons-logging/commons-logging/1.2/commons-logging-1.2.jar:/Users/maher/.m2/repository/cglib/cglib/3.3.0/cglib-3.3.0.jar:/Users/maher/.m2/repository/org/ow2/asm/asm/7.1/asm-7.1.jar:/Users/maher/.m2/repository/commons-validator/commons-validator/1.7/commons-validator-1.7.jar:/Users/maher/.m2/repository/commons-beanutils/commons-beanutils/1.9.4/commons-beanutils-1.9.4.jar:/Users/maher/.m2/repository/commons-digester/commons-digester/2.1/commons-digester-2.1.jar:/Users/maher/.m2/repository/commons-collections/commons-collections/3.2.2/commons-collections-3.2.2.jar:/Users/maher/.m2/repository/org/apache/commons/commons-lang3/3.12.0/commons-lang3-3.12.0.jar:/Users/maher/.m2/repository/org/springframework/spring-context/5.3.10/spring-context-5.3.10.jar:/Users/maher/.m2/repository/org/springframework/spring-aop/5.3.10/spring-aop-5.3.10.jar:/Users/maher/.m2/repository/org/springframework/spring-beans/5.3.10/spring-beans-5.3.10.jar:/Users/maher/.m2/repository/org/springframework/spring-core/5.3.10/spring-core-5.3.10.jar:/Users/maher/.m2/repository/org/springframework/spring-jcl/5.3.10/spring-jcl-5.3.10.jar:/Users/maher/.m2/repository/org/springframework/spring-expression/5.3.10/spring-expression-5.3.10.jar:/Users/maher/.m2/repository/org/aspectj/aspectjweaver/1.9.7/aspectjweaver-1.9.7.jar:/Users/maher/.m2/repository/org/testng/testng/7.4.0/testng-7.4.0.jar:/Users/maher/.m2/repository/com/beust/jcommander/1.78/jcommander-1.78.jar:/Users/maher/.m2/repository/org/webjars/jquery/3.5.1/jquery-3.5.1.jar:/Users/maher/.m2/repository/org/json/json/20210307/json-20210307.jar:/Users/maher/.m2/repository/org/apache/logging/log4j/log4j-core/2.14.1/log4j-core-2.14.1.jar:/Users/maher/.m2/repository/org/apache/logging/log4j/log4j-api/2.14.1/log4j-api-2.14.1.jar:/Users/maher/.m2/repository/com/aventstack/extentreports/5.0.9/extentreports-5.0.9.jar:/Users/maher/.m2/repository/io/reactivex/rxjava3/rxjava/3.0.4/rxjava-3.0.4.jar:/Users/maher/.m2/repository/org/reactivestreams/reactive-streams/1.0.3/reactive-streams-1.0.3.jar:/Users/maher/.m2/repository/org/freemarker/freemarker/2.3.30/freemarker-2.3.30.jar:/Users/maher/.m2/repository/commons-codec/commons-codec/1.15/commons-codec-1.15.jar:/Users/maher/.m2/repository/io/cucumber/cucumber-java/7.1.0/cucumber-java-7.1.0.jar:/Users/maher/.m2/repository/io/cucumber/cucumber-core/7.1.0/cucumber-core-7.1.0.jar:/Users/maher/.m2/repository/io/cucumber/cucumber-gherkin/7.1.0/cucumber-gherkin-7.1.0.jar:/Users/maher/.m2/repository/io/cucumber/cucumber-gherkin-messages/7.1.0/cucumber-gherkin-messages-7.1.0.jar:/Users/maher/.m2/repository/io/cucumber/messages/17.1.1/messages-17.1.1.jar:/Users/maher/.m2/repository/io/cucumber/tag-expressions/4.1.0/tag-expressions-4.1.0.jar:/Users/maher/.m2/repository/io/cucumber/cucumber-expressions/13.0.1/cucumber-expressions-13.0.1.jar:/Users/maher/.m2/repository/io/cucumber/datatable/7.1.0/datatable-7.1.0.jar:/Users/maher/.m2/repository/io/cucumber/cucumber-plugin/7.1.0/cucumber-plugin-7.1.0.jar:/Users/maher/.m2/repository/io/cucumber/docstring/7.1.0/docstring-7.1.0.jar:/Users/maher/.m2/repository/io/cucumber/html-formatter/17.0.0/html-formatter-17.0.0.jar:/Users/maher/.m2/repository/io/cucumber/create-meta/6.0.4/create-meta-6.0.4.jar:/Users/maher/.m2/repository/org/apiguardian/apiguardian-api/1.1.2/apiguardian-api-1.1.2.jar:/Users/maher/.m2/repository/org/projectlombok/lombok/1.18.22/lombok-1.18.22.jar:/Users/maher/.m2/repository/io/cucumber/cucumber-testng/7.1.0/cucumber-testng-7.1.0.jar:/Users/maher/.m2/repository/commons-io/commons-io/2.11.0/commons-io-2.11.0.jar:/Users/maher/.m2/repository/org/slf4j/slf4j-api/1.7.5/slf4j-api-1.7.5.jar:/Users/maher/.m2/repository/org/slf4j/slf4j-log4j12/1.7.5/slf4j-log4j12-1.7.5.jar:/Users/maher/.m2/repository/log4j/log4j/1.2.17/log4j-1.2.17.jar:"/>
    <property name="sun.cpu.endian" value="little"/>
    <property name="user.home" value="/Users/maher"/>
    <property name="user.language" value="fr"/>
    <property name="java.specification.vendor" value="Oracle Corporation"/>
    <property name="java.version.date" value="2021-10-19"/>
    <property name="java.home" value="/Library/Java/JavaVirtualMachines/jdk-17.0.1.jdk/Contents/Home"/>
    <property name="file.separator" value="/"/>
    <property name="basedir" value="/Users/maher/Desktop/SocleAutomation/App_functional_test"/>
    <property name="java.vm.compressedOopsMode" value="Zero based"/>
    <property name="line.separator" value="&#10;"/>
    <property name="java.vm.specification.vendor" value="Oracle Corporation"/>
    <property name="java.specification.name" value="Java Platform API Specification"/>
    <property name="surefire.real.class.path" value="/Users/maher/Desktop/SocleAutomation/App_functional_test/target/surefire/surefirebooter2565660223041071958.jar"/>
    <property name="sun.management.compiler" value="HotSpot 64-Bit Tiered Compilers"/>
    <property name="java.runtime.version" value="17.0.1+12-LTS-39"/>
    <property name="user.name" value="maher"/>
    <property name="path.separator" value=":"/>
    <property name="os.version" value="12.0.1"/>
    <property name="nameSuite" value="AccountTests.xml"/>
    <property name="java.runtime.name" value="Java(TM) SE Runtime Environment"/>
    <property name="file.encoding" value="UTF-8"/>
    <property name="java.vm.name" value="Java HotSpot(TM) 64-Bit Server VM"/>
    <property name="localRepository" value="/Users/maher/.m2/repository"/>
    <property name="java.vendor.url.bug" value="https://bugreport.java.com/bugreport/"/>
    <property name="java.io.tmpdir" value="/var/folders/ly/gpbt02ys3p76r5jvgpldq3xr0000gn/T/"/>
    <property name="java.version" value="17.0.1"/>
    <property name="user.dir" value="/Users/maher/Desktop/SocleAutomation/App_functional_test"/>
    <property name="os.arch" value="x86_64"/>
    <property name="java.vm.specification.name" value="Java Virtual Machine Specification"/>
    <property name="native.encoding" value="UTF-8"/>
    <property name="java.library.path" value="/Users/maher/Library/Java/Extensions:/Library/Java/Extensions:/Network/Library/Java/Extensions:/System/Library/Java/Extensions:/usr/lib/java:."/>
    <property name="java.vm.info" value="mixed mode, sharing"/>
    <property name="java.vendor" value="Oracle Corporation"/>
    <property name="java.vm.version" value="17.0.1+12-LTS-39"/>
    <property name="sun.io.unicode.encoding" value="UnicodeBig"/>
    <property name="java.class.version" value="61.0"/>
  </properties>
  <testcase name="beforeTest[New Build, Android, 9.0, Samsung Galaxy S10 Plus, 10000, AccountTest, androidOnly, androidOnly, CICD, AutomationTest](0)" classname="com.qa.tests.Account" time="4.399">
    <failure message="Unable to create a new remote session. Please check the server log for more details. Original error: [browserstack.local] is set to true but local testing through BrowserStack is not connected. To resolve the issue or to get more info visit - https://www.browserstack.com/question/779 (WARNING: The server did not provide any stacktrace information)&#10;Command duration or timeout: 2.52 seconds&#10;Build info: version: &apos;3.141.59&apos;, revision: &apos;e82be7d358&apos;, time: &apos;2018-11-14T08:17:03&apos;&#10;System info: host: &apos;MacBook-Pro-de-maher.local&apos;, ip: &apos;fe80:0:0:0:ca7:8622:d590:88ac%en0&apos;, os.name: &apos;Mac OS X&apos;, os.arch: &apos;x86_64&apos;, os.version: &apos;12.0.1&apos;, java.version: &apos;17.0.1&apos;&#10;Driver info: driver.version: AndroidDriver&#10;Build info: version: &apos;3.141.59&apos;, revision: &apos;e82be7d358&apos;, time: &apos;2018-11-14T08:17:03&apos;&#10;System info: host: &apos;MacBook-Pro-de-maher.local&apos;, ip: &apos;fe80:0:0:0:ca7:8622:d590:88ac%en0&apos;, os.name: &apos;Mac OS X&apos;, os.arch: &apos;x86_64&apos;, os.version: &apos;12.0.1&apos;, java.version: &apos;17.0.1&apos;&#10;Driver info: driver.version: AndroidDriver" type="org.openqa.selenium.SessionNotCreatedException"><![CDATA[org.openqa.selenium.SessionNotCreatedException: 
Unable to create a new remote session. Please check the server log for more details. Original error: [browserstack.local] is set to true but local testing through BrowserStack is not connected. To resolve the issue or to get more info visit - https://www.browserstack.com/question/779 (WARNING: The server did not provide any stacktrace information)
Command duration or timeout: 2.52 seconds
Build info: version: '3.141.59', revision: 'e82be7d358', time: '2018-11-14T08:17:03'
System info: host: 'MacBook-Pro-de-maher.local', ip: 'fe80:0:0:0:ca7:8622:d590:88ac%en0', os.name: 'Mac OS X', os.arch: 'x86_64', os.version: '12.0.1', java.version: '17.0.1'
Driver info: driver.version: AndroidDriver
Build info: version: '3.141.59', revision: 'e82be7d358', time: '2018-11-14T08:17:03'
System info: host: 'MacBook-Pro-de-maher.local', ip: 'fe80:0:0:0:ca7:8622:d590:88ac%en0', os.name: 'Mac OS X', os.arch: 'x86_64', os.version: '12.0.1', java.version: '17.0.1'
Driver info: driver.version: AndroidDriver
Caused by: java.lang.reflect.InvocationTargetException
Caused by: org.openqa.selenium.WebDriverException: 
[browserstack.local] is set to true but local testing through BrowserStack is not connected. To resolve the issue or to get more info visit - https://www.browserstack.com/question/779 (WARNING: The server did not provide any stacktrace information)
Command duration or timeout: 2.52 seconds
Build info: version: '3.141.59', revision: 'e82be7d358', time: '2018-11-14T08:17:03'
System info: host: 'MacBook-Pro-de-maher.local', ip: 'fe80:0:0:0:ca7:8622:d590:88ac%en0', os.name: 'Mac OS X', os.arch: 'x86_64', os.version: '12.0.1', java.version: '17.0.1'
Driver info: driver.version: AndroidDriver
]]></failure>
    <system-out><![CDATA[[INFO ] 2022-06-20 15:14:28.672 com.qa.BaseTest:125 - Appium server started
[INFO ] 2022-06-20 15:14:28.732 com.qa.BaseTest:194 - log path: logs/Android_Samsung Galaxy S10 Plus
[INFO ] 2022-06-20 15:14:28.738 com.qa.BaseTest:201 - load config.properties
[INFO ] 2022-06-20 15:14:28.742 com.qa.BaseTest:206 - load strings/strings.xml
[FATAL] 2022-06-20 15:14:31.802 com.qa.BaseTest:250 - driver initialization failure. ABORT!!!
org.openqa.selenium.SessionNotCreatedException: Unable to create a new remote session. Please check the server log for more details. Original error: [browserstack.local] is set to true but local testing through BrowserStack is not connected. To resolve the issue or to get more info visit - https://www.browserstack.com/question/779 (WARNING: The server did not provide any stacktrace information)
Command duration or timeout: 2.52 seconds
Build info: version: '3.141.59', revision: 'e82be7d358', time: '2018-11-14T08:17:03'
System info: host: 'MacBook-Pro-de-maher.local', ip: 'fe80:0:0:0:ca7:8622:d590:88ac%en0', os.name: 'Mac OS X', os.arch: 'x86_64', os.version: '12.0.1', java.version: '17.0.1'
Driver info: driver.version: AndroidDriver
Build info: version: '3.141.59', revision: 'e82be7d358', time: '2018-11-14T08:17:03'
System info: host: 'MacBook-Pro-de-maher.local', ip: 'fe80:0:0:0:ca7:8622:d590:88ac%en0', os.name: 'Mac OS X', os.arch: 'x86_64', os.version: '12.0.1', java.version: '17.0.1'
Driver info: driver.version: AndroidDriver
]]></system-out>
  </testcase>
  <testcase name="beforeMethod" classname="com.qa.tests.Account" time="0">
    <skipped/>
  </testcase>
</testsuite>